2026-02-25 22:49:27 [LinkedInWatcher] INFO — DRY RUN MODE ENABLED — no real external actions will be taken
2026-02-25 22:49:27 [LinkedInWatcher] INFO — Opening browser for LinkedIn login...
2026-02-25 22:49:27 [LinkedInWatcher] INFO — Please log in to LinkedIn in the browser window.
2026-02-25 22:49:27 [LinkedInWatcher] INFO — The session will be saved automatically after login.
2026-02-25 22:49:35 [LinkedInWatcher] INFO — Waiting for manual login (up to 5 minutes)...
2026-02-25 22:56:57 [LinkedInWatcher] INFO — DRY RUN MODE ENABLED — no real external actions will be taken
2026-02-25 22:56:57 [LinkedInWatcher] INFO — Opening browser for LinkedIn login...
2026-02-25 22:56:57 [LinkedInWatcher] INFO — Please log in to LinkedIn in the browser window.
2026-02-25 22:56:57 [LinkedInWatcher] INFO — The session will be saved automatically after login.
2026-02-25 22:57:03 [LinkedInWatcher] INFO — Waiting for manual login (up to 5 minutes)...
2026-02-25 23:02:03 [LinkedInWatcher] ERROR — Login timeout. Please try again.
2026-02-25 23:02:33 [LinkedInWatcher] INFO — DRY RUN MODE ENABLED — no real external actions will be taken
2026-02-25 23:02:33 [LinkedInWatcher] INFO — Opening browser for LinkedIn login...
2026-02-25 23:02:33 [LinkedInWatcher] INFO — Please log in to LinkedIn in the browser window.
2026-02-25 23:02:33 [LinkedInWatcher] INFO — The session will be saved automatically after login.
2026-02-25 23:02:39 [LinkedInWatcher] INFO — Waiting for manual login (up to 5 minutes)...
2026-02-25 23:07:39 [LinkedInWatcher] ERROR — Login timeout. Please try again.
2026-02-25 23:08:16 [LinkedInWatcher] INFO — DRY RUN MODE ENABLED — no real external actions will be taken
2026-02-25 23:08:16 [LinkedInWatcher] INFO — Opening browser for LinkedIn login...
2026-02-25 23:08:16 [LinkedInWatcher] INFO — Please log in to LinkedIn in the browser window.
2026-02-25 23:08:16 [LinkedInWatcher] INFO — The session will be saved automatically after login.
2026-02-25 23:08:20 [LinkedInWatcher] INFO — Waiting for manual login (up to 5 minutes)...
2026-02-25 23:09:10 [LinkedInWatcher] INFO — Login successful! Session saved. (URL: https://www.linkedin.com/signup/cold-join)
